<?xml version="1.0" encoding="UTF-8"?>
<coverage generated="1595745372363" clover="3.2.0">
  <project timestamp="1595745372363" name="All files">
    <metrics statements="40" coveredstatements="40" conditionals="20" coveredconditionals="19" methods="10" coveredmethods="10" elements="70" coveredelements="69" complexity="0" loc="40" ncloc="40" packages="2" files="4" classes="4"/>
    <package name="src">
      <metrics statements="12" coveredstatements="12" conditionals="2" coveredconditionals="2" methods="4" coveredmethods="4"/>
      <file name="index.tsx" path="/Users/taylorpridgen/Documents/Projects/Pridgey/afterburner/src/index.tsx">
        <metrics statements="12" coveredstatements="12" conditionals="2" coveredconditionals="2" methods="4" coveredmethods="4"/>
        <line num="1" count="1" type="stmt"/>
        <line num="3" count="1" type="stmt"/>
        <line num="5" count="1" type="stmt"/>
        <line num="11" count="1" type="stmt"/>
        <line num="12" count="1" type="stmt"/>
        <line num="16" count="1" type="stmt"/>
        <line num="17" count="1" type="stmt"/>
        <line num="18" count="1" type="cond" truecount="2" falsecount="0"/>
        <line num="19" count="1" type="stmt"/>
        <line num="20" count="1" type="stmt"/>
        <line num="21" count="1" type="stmt"/>
        <line num="25" count="1" type="stmt"/>
      </file>
    </package>
    <package name="src.Utilities">
      <metrics statements="28" coveredstatements="28" conditionals="18" coveredconditionals="17" methods="6" coveredmethods="6"/>
      <file name="CSSConverter.ts" path="/Users/taylorpridgen/Documents/Projects/Pridgey/afterburner/src/Utilities/CSSConverter.ts">
        <metrics statements="23" coveredstatements="23" conditionals="16" coveredconditionals="15" methods="5" coveredmethods="5"/>
        <line num="4" count="2" type="stmt"/>
        <line num="9" count="5" type="stmt"/>
        <line num="11" count="5" type="cond" truecount="2" falsecount="0"/>
        <line num="13" count="1" type="stmt"/>
        <line num="14" count="1" type="stmt"/>
        <line num="15" count="3" type="stmt"/>
        <line num="21" count="4" type="stmt"/>
        <line num="26" count="5" type="stmt"/>
        <line num="29" count="2" type="stmt"/>
        <line num="30" count="7" type="stmt"/>
        <line num="32" count="7" type="stmt"/>
        <line num="34" count="7" type="stmt"/>
        <line num="36" count="10" type="stmt"/>
        <line num="38" count="10" type="stmt"/>
        <line num="41" count="7" type="stmt"/>
        <line num="44" count="2" type="stmt"/>
        <line num="47" count="10" type="stmt"/>
        <line num="51" count="10" type="cond" truecount="4" falsecount="0"/>
        <line num="53" count="6" type="stmt"/>
        <line num="54" count="6" type="cond" truecount="2" falsecount="0"/>
        <line num="62" count="1" type="stmt"/>
        <line num="65" count="6" type="stmt"/>
        <line num="70" count="4" type="cond" truecount="1" falsecount="1"/>
      </file>
      <file name="ClassNameGenerator.ts" path="/Users/taylorpridgen/Documents/Projects/Pridgey/afterburner/src/Utilities/ClassNameGenerator.ts">
        <metrics statements="3" coveredstatements="3" conditionals="2" coveredconditionals="2" methods="1" coveredmethods="1"/>
        <line num="1" count="2" type="stmt"/>
        <line num="6" count="3" type="stmt"/>
        <line num="9" count="3" type="cond" truecount="2" falsecount="0"/>
      </file>
      <file name="index.ts" path="/Users/taylorpridgen/Documents/Projects/Pridgey/afterburner/src/Utilities/index.ts">
        <metrics statements="2" coveredstatements="2" conditionals="0" coveredconditionals="0" methods="0" coveredmethods="0"/>
        <line num="1" count="1" type="stmt"/>
        <line num="2" count="1" type="stmt"/>
      </file>
    </package>
  </project>
</coverage>
