{"/Users/taylorpridgen/Documents/Projects/Pridgey/afterburner/src/index.tsx": {"path":"/Users/taylorpridgen/Documents/Projects/Pridgey/afterburner/src/index.tsx","statementMap":{"0":{"start":{"line":1,"column":0},"end":{"line":1,"column":56}},"1":{"start":{"line":3,"column":0},"end":{"line":3,"column":73}},"2":{"start":{"line":5,"column":13},"end":{"line":31,"column":2}},"3":{"start":{"line":11,"column":2},"end":{"line":30,"column":4}},"4":{"start":{"line":12,"column":30},"end":{"line":12,"column":77}},"5":{"start":{"line":16,"column":4},"end":{"line":23,"column":11}},"6":{"start":{"line":17,"column":6},"end":{"line":17,"column":49}},"7":{"start":{"line":18,"column":6},"end":{"line":18,"column":78}},"8":{"start":{"line":19,"column":6},"end":{"line":19,"column":42}},"9":{"start":{"line":20,"column":6},"end":{"line":22,"column":8}},"10":{"start":{"line":21,"column":8},"end":{"line":21,"column":26}},"11":{"start":{"line":25,"column":4},"end":{"line":29,"column":6}}},"fnMap":{"0":{"name":"(anonymous_6)","decl":{"start":{"line":5,"column":29},"end":{"line":5,"column":null}},"loc":{"start":{"line":10,"column":14},"end":{"line":31,"column":1}}},"1":{"name":"(anonymous_7)","decl":{"start":{"line":11,"column":9},"end":{"line":11,"column":14}},"loc":{"start":{"line":11,"column":17},"end":{"line":30,"column":3}}},"2":{"name":"(anonymous_8)","decl":{"start":{"line":16,"column":14},"end":{"line":16,"column":17}},"loc":{"start":{"line":16,"column":19},"end":{"line":23,"column":5}}},"3":{"name":"(anonymous_9)","decl":{"start":{"line":20,"column":13},"end":{"line":20,"column":16}},"loc":{"start":{"line":20,"column":18},"end":{"line":22,"column":7}}}},"branchMap":{"0":{"loc":{"start":{"line":18,"column":61},"end":{"line":18,"column":70}},"type":"binary-expr","locations":[{"start":{"line":18,"column":61},"end":{"line":18,"column":70}},{"start":{"line":18,"column":74},"end":{"line":18,"column":76}}]}},"s":{"0":1,"1":1,"2":1,"3":1,"4":1,"5":1,"6":1,"7":1,"8":1,"9":1,"10":1,"11":1},"f":{"0":1,"1":1,"2":1,"3":1},"b":{"0":[1,1]}}
,"/Users/taylorpridgen/Documents/Projects/Pridgey/afterburner/src/Utilities/CSSConverter.ts": {"path":"/Users/taylorpridgen/Documents/Projects/Pridgey/afterburner/src/Utilities/CSSConverter.ts","statementMap":{"0":{"start":{"line":4,"column":13},"end":{"line":27,"column":2}},"1":{"start":{"line":9,"column":18},"end":{"line":9,"column":32}},"2":{"start":{"line":11,"column":2},"end":{"line":24,"column":null}},"3":{"start":{"line":13,"column":24},"end":{"line":13,"column":42}},"4":{"start":{"line":14,"column":4},"end":{"line":18,"column":7}},"5":{"start":{"line":15,"column":6},"end":{"line":17,"column":55}},"6":{"start":{"line":21,"column":4},"end":{"line":23,"column":9}},"7":{"start":{"line":26,"column":2},"end":{"line":26,"column":19}},"8":{"start":{"line":29,"column":30},"end":{"line":42,"column":1}},"9":{"start":{"line":30,"column":31},"end":{"line":30,"column":33}},"10":{"start":{"line":32,"column":20},"end":{"line":32,"column":38}},"11":{"start":{"line":34,"column":2},"end":{"line":39,"column":5}},"12":{"start":{"line":36,"column":4},"end":{"line":36,"column":53}},"13":{"start":{"line":38,"column":4},"end":{"line":38,"column":44}},"14":{"start":{"line":41,"column":2},"end":{"line":41,"column":29}},"15":{"start":{"line":44,"column":29},"end":{"line":72,"column":1}},"16":{"start":{"line":47,"column":41},"end":{"line":49,"column":18}},"17":{"start":{"line":51,"column":2},"end":{"line":71,"column":null}},"18":{"start":{"line":53,"column":22},"end":{"line":53,"column":47}},"19":{"start":{"line":54,"column":4},"end":{"line":63,"column":null}},"20":{"start":{"line":62,"column":6},"end":{"line":62,"column":38}},"21":{"start":{"line":65,"column":4},"end":{"line":65,"column":44}},"22":{"start":{"line":70,"column":4},"end":{"line":70,"column":50}}},"fnMap":{"0":{"name":"(anonymous_0)","decl":{"start":{"line":4,"column":33},"end":{"line":4,"column":null}},"loc":{"start":{"line":8,"column":4},"end":{"line":27,"column":1}}},"1":{"name":"(anonymous_1)","decl":{"start":{"line":14,"column":29},"end":{"line":14,"column":30}},"loc":{"start":{"line":14,"column":60},"end":{"line":18,"column":5}}},"2":{"name":"(anonymous_2)","decl":{"start":{"line":29,"column":30},"end":{"line":29,"column":31}},"loc":{"start":{"line":29,"column":53},"end":{"line":42,"column":1}}},"3":{"name":"(anonymous_3)","decl":{"start":{"line":34,"column":27},"end":{"line":34,"column":28}},"loc":{"start":{"line":34,"column":58},"end":{"line":39,"column":3}}},"4":{"name":"(anonymous_4)","decl":{"start":{"line":44,"column":29},"end":{"line":44,"column":30}},"loc":{"start":{"line":44,"column":45},"end":{"line":72,"column":1}}}},"branchMap":{"0":{"loc":{"start":{"line":11,"column":2},"end":{"line":24,"column":null}},"type":"if","locations":[{"start":{"line":11,"column":2},"end":{"line":24,"column":null}},{"start":{"line":11,"column":2},"end":{"line":24,"column":null}}]},"1":{"loc":{"start":{"line":16,"column":29},"end":{"line":16,"column":31}},"type":"cond-expr","locations":[{"start":{"line":16,"column":29},"end":{"line":16,"column":31}},{"start":{"line":16,"column":34},"end":{"line":16,"column":null}}]},"2":{"loc":{"start":{"line":51,"column":2},"end":{"line":71,"column":null}},"type":"if","locations":[{"start":{"line":51,"column":2},"end":{"line":71,"column":null}},{"start":{"line":51,"column":2},"end":{"line":71,"column":null}}]},"3":{"loc":{"start":{"line":51,"column":6},"end":{"line":51,"column":16}},"type":"binary-expr","locations":[{"start":{"line":51,"column":6},"end":{"line":51,"column":16}},{"start":{"line":51,"column":20},"end":{"line":51,"column":40}}]},"4":{"loc":{"start":{"line":54,"column":4},"end":{"line":63,"column":null}},"type":"if","locations":[{"start":{"line":54,"column":4},"end":{"line":63,"column":null}},{"start":{"line":54,"column":4},"end":{"line":63,"column":null}}]},"5":{"loc":{"start":{"line":55,"column":6},"end":{"line":55,"column":28}},"type":"binary-expr","locations":[{"start":{"line":55,"column":6},"end":{"line":55,"column":28}},{"start":{"line":56,"column":6},"end":{"line":56,"column":27}},{"start":{"line":57,"column":6},"end":{"line":57,"column":25}},{"start":{"line":58,"column":6},"end":{"line":58,"column":23}}]},"6":{"loc":{"start":{"line":70,"column":11},"end":{"line":70,"column":43}},"type":"binary-expr","locations":[{"start":{"line":70,"column":11},"end":{"line":70,"column":43}},{"start":{"line":70,"column":47},"end":{"line":70,"column":49}}]}},"s":{"0":2,"1":5,"2":5,"3":1,"4":1,"5":3,"6":4,"7":5,"8":2,"9":7,"10":7,"11":7,"12":10,"13":10,"14":7,"15":2,"16":10,"17":10,"18":6,"19":6,"20":1,"21":6,"22":4},"f":{"0":5,"1":3,"2":7,"3":10,"4":10},"b":{"0":[1,4],"1":[1,2],"2":[6,4],"3":[10,10],"4":[1,5],"5":[6,6,6,5],"6":[4,0]}}
,"/Users/taylorpridgen/Documents/Projects/Pridgey/afterburner/src/Utilities/ClassNameGenerator.ts": {"path":"/Users/taylorpridgen/Documents/Projects/Pridgey/afterburner/src/Utilities/ClassNameGenerator.ts","statementMap":{"0":{"start":{"line":1,"column":13},"end":{"line":10,"column":2}},"1":{"start":{"line":6,"column":4},"end":{"line":7,"column":26}},"2":{"start":{"line":9,"column":2},"end":{"line":9,"column":68}}},"fnMap":{"0":{"name":"(anonymous_0)","decl":{"start":{"line":1,"column":39},"end":{"line":1,"column":null}},"loc":{"start":{"line":4,"column":4},"end":{"line":10,"column":1}}}},"branchMap":{"0":{"loc":{"start":{"line":9,"column":9},"end":{"line":9,"column":22}},"type":"binary-expr","locations":[{"start":{"line":9,"column":9},"end":{"line":9,"column":22}},{"start":{"line":9,"column":26},"end":{"line":9,"column":67}}]}},"s":{"0":2,"1":3,"2":3},"f":{"0":3},"b":{"0":[3,1]}}
,"/Users/taylorpridgen/Documents/Projects/Pridgey/afterburner/src/Utilities/index.ts": {"path":"/Users/taylorpridgen/Documents/Projects/Pridgey/afterburner/src/Utilities/index.ts","statementMap":{"0":{"start":{"line":1,"column":0},"end":{"line":1,"column":31}},"1":{"start":{"line":2,"column":0},"end":{"line":2,"column":37}}},"fnMap":{},"branchMap":{},"s":{"0":1,"1":1},"f":{},"b":{}}
}
