TN:
SF:src/index.tsx
FN:5,(anonymous_6)
FN:11,(anonymous_7)
FN:16,(anonymous_8)
FN:20,(anonymous_9)
FNF:4
FNH:4
FNDA:1,(anonymous_6)
FNDA:1,(anonymous_7)
FNDA:1,(anonymous_8)
FNDA:1,(anonymous_9)
DA:1,1
DA:3,1
DA:5,1
DA:11,1
DA:12,1
DA:16,1
DA:17,1
DA:18,1
DA:19,1
DA:20,1
DA:21,1
DA:25,1
LF:12
LH:12
BRDA:18,0,0,1
BRDA:18,0,1,1
BRF:2
BRH:2
end_of_record
TN:
SF:src/Utilities/CSSConverter.ts
FN:4,(anonymous_0)
FN:14,(anonymous_1)
FN:29,(anonymous_2)
FN:34,(anonymous_3)
FN:44,(anonymous_4)
FNF:5
FNH:5
FNDA:5,(anonymous_0)
FNDA:3,(anonymous_1)
FNDA:7,(anonymous_2)
FNDA:10,(anonymous_3)
FNDA:10,(anonymous_4)
DA:4,2
DA:9,5
DA:11,5
DA:13,1
DA:14,1
DA:15,3
DA:21,4
DA:26,5
DA:29,2
DA:30,7
DA:32,7
DA:34,7
DA:36,10
DA:38,10
DA:41,7
DA:44,2
DA:47,10
DA:51,10
DA:53,6
DA:54,6
DA:62,1
DA:65,6
DA:70,4
LF:23
LH:23
BRDA:11,0,0,1
BRDA:11,0,1,4
BRDA:16,1,0,1
BRDA:16,1,1,2
BRDA:51,2,0,6
BRDA:51,2,1,4
BRDA:51,3,0,10
BRDA:51,3,1,10
BRDA:54,4,0,1
BRDA:54,4,1,5
BRDA:55,5,0,6
BRDA:55,5,1,6
BRDA:55,5,2,6
BRDA:55,5,3,5
BRDA:70,6,0,4
BRDA:70,6,1,0
BRF:16
BRH:15
end_of_record
TN:
SF:src/Utilities/ClassNameGenerator.ts
FN:1,(anonymous_0)
FNF:1
FNH:1
FNDA:3,(anonymous_0)
DA:1,2
DA:6,3
DA:9,3
LF:3
LH:3
BRDA:9,0,0,3
BRDA:9,0,1,1
BRF:2
BRH:2
end_of_record
TN:
SF:src/Utilities/index.ts
FNF:0
FNH:0
DA:1,1
DA:2,1
LF:2
LH:2
BRF:0
BRH:0
end_of_record
